<?xml version="1.0" encoding="UTF-8"?>
<!-- Generated by org.testng.reporters.JUnitXMLReporter -->
<testsuite hostname="MPL-5CZD1N2" ignored="2" name="Test" tests="3" failures="0" timestamp="23 Nov 2018 10:16:59 GMT" time="41.882" errors="0">
  <testcase name="loginTest" time="19.173" classname="com.magic.apexwebQA.web.tests.LoginTest"/>
  <testcase name="placeBuyLimitOrderTest" time="14.75" classname="com.magic.apexwebQA.web.tests.PlacingOrderTest"/>
  <testcase name="placeSellLimitOrderTest" time="7.927" classname="com.magic.apexwebQA.web.tests.PlacingOrderTest"/>
  <testcase name="@BeforeSuite beforeSuite" time="0.0" classname="com.magic.apexwebQA.web.AbstractWebTest">
    <ignored/>
  </testcase> <!-- @BeforeSuite beforeSuite -->
  <testcase name="@AfterSuite generateReport" time="0.0" classname="com.magic.apexwebQA.web.AbstractWebTest">
    <ignored/>
  </testcase> <!-- @AfterSuite generateReport -->
</testsuite> <!-- Test -->
