<?xml version="1.0" encoding="UTF-8"?>
<!-- Generated by org.testng.reporters.JUnitXMLReporter -->
<testsuite hostname="RACD-00512" ignored="4" name="TestForAndroid" tests="35" failures="5" timestamp="29 Nov 2018 11:27:34 GMT" time="548.424" errors="0">
  <testcase name="verifyLogin" time="68.384" classname="com.magic.axis360.testscript.LoginTestIT"/>
  <testcase name="verifySearchBox" time="81.825" classname="com.magic.axis360.testscript.SearchBoxTestIT"/>
  <testcase name="verifySearchBoxNotPreFilled" time="8.099" classname="com.magic.axis360.testscript.SearchBoxTestIT"/>
  <testcase name="verifyAlphaNumericCharacterInSearchBox" time="17.985" classname="com.magic.axis360.testscript.SearchBoxTestIT"/>
  <testcase name="verifySearchForTitleByKeyword" time="13.208" classname="com.magic.axis360.testscript.SearchBoxTestIT"/>
  <testcase name="verifyRefineButtonPresenceForKeywordTest" time="0.363" classname="com.magic.axis360.testscript.SearchBoxTestIT"/>
  <testcase name="verifyKeywordRetentionInSearchBoxForKeywordTest" time="0.358" classname="com.magic.axis360.testscript.SearchBoxTestIT">
    <failure type="java.lang.AssertionError" message="expected [true] but found [false]">
      <![CDATA[java.lang.AssertionError: expected [true] but found [false]
at com.magic.axis360.testscript.SearchBoxTestIT.verifyKeywordRetentionInSearchBoxForKeywordTest(SearchBoxTestIT.java:87)
at java.util.concurrent.FutureTask.run(Unknown Source)
at java.util.concurrent.ThreadPoolExecutor.runWorker(Unknown Source)
at java.util.concurrent.ThreadPoolExecutor$Worker.run(Unknown Source)
at java.lang.Thread.run(Unknown Source)
... Removed 22 stack frames]]>
    </failure>
  </testcase> <!-- verifyKeywordRetentionInSearchBoxForKeywordTest -->
  <testcase name="verifySearchedMessageSearchForTitleByKeyword" time="6.872" classname="com.magic.axis360.testscript.SearchBoxTestIT"/>
  <testcase name="verifySearchForTitleByTitle" time="7.894" classname="com.magic.axis360.testscript.SearchBoxTestIT"/>
  <testcase name="verifyRefineButtonPresenceForTitleTest" time="0.205" classname="com.magic.axis360.testscript.SearchBoxTestIT"/>
  <testcase name="verifyKeywordRetentionInSearchBoxForTitleByTitle" time="0.282" classname="com.magic.axis360.testscript.SearchBoxTestIT">
    <failure type="java.lang.AssertionError" message="expected [true] but found [false]">
      <![CDATA[java.lang.AssertionError: expected [true] but found [false]
at com.magic.axis360.testscript.SearchBoxTestIT.verifyKeywordRetentionInSearchBoxForTitleByTitle(SearchBoxTestIT.java:132)
at java.util.concurrent.FutureTask.run(Unknown Source)
at java.util.concurrent.ThreadPoolExecutor.runWorker(Unknown Source)
at java.util.concurrent.ThreadPoolExecutor$Worker.run(Unknown Source)
at java.lang.Thread.run(Unknown Source)
... Removed 22 stack frames]]>
    </failure>
  </testcase> <!-- verifyKeywordRetentionInSearchBoxForTitleByTitle -->
  <testcase name="verifySearchedMessageSearchForTitleByTitle" time="6.657" classname="com.magic.axis360.testscript.SearchBoxTestIT"/>
  <testcase name="veriySearchForTitleByAuthor" time="7.849" classname="com.magic.axis360.testscript.SearchBoxTestIT"/>
  <testcase name="verifyRefineButtonPresenceForAuthorTest" time="0.211" classname="com.magic.axis360.testscript.SearchBoxTestIT"/>
  <testcase name="verifyKeywordRetentionInSearchBoxForAuthorTest" time="0.319" classname="com.magic.axis360.testscript.SearchBoxTestIT">
    <failure type="java.lang.AssertionError" message="expected [true] but found [false]">
      <![CDATA[java.lang.AssertionError: expected [true] but found [false]
at com.magic.axis360.testscript.SearchBoxTestIT.verifyKeywordRetentionInSearchBoxForAuthorTest(SearchBoxTestIT.java:176)
at java.util.concurrent.FutureTask.run(Unknown Source)
at java.util.concurrent.ThreadPoolExecutor.runWorker(Unknown Source)
at java.util.concurrent.ThreadPoolExecutor$Worker.run(Unknown Source)
at java.lang.Thread.run(Unknown Source)
... Removed 22 stack frames]]>
    </failure>
  </testcase> <!-- verifyKeywordRetentionInSearchBoxForAuthorTest -->
  <testcase name="verifySearchedMessageSearchForTitleByAuthor" time="6.495" classname="com.magic.axis360.testscript.SearchBoxTestIT"/>
  <testcase name="verifySearchForTitleByISBN" time="57.335" classname="com.magic.axis360.testscript.SearchBoxTestIT"/>
  <testcase name="verifyRefineButtonPresenceForTitleByISBN" time="0.18" classname="com.magic.axis360.testscript.SearchBoxTestIT"/>
  <testcase name="verifyKeywordRetentionInSearchBoxForTitleByISBN" time="0.298" classname="com.magic.axis360.testscript.SearchBoxTestIT">
    <failure type="java.lang.AssertionError" message="expected [true] but found [false]">
      <![CDATA[java.lang.AssertionError: expected [true] but found [false]
at com.magic.axis360.testscript.SearchBoxTestIT.verifyKeywordRetentionInSearchBoxForTitleByISBN(SearchBoxTestIT.java:221)
at java.util.concurrent.FutureTask.run(Unknown Source)
at java.util.concurrent.ThreadPoolExecutor.runWorker(Unknown Source)
at java.util.concurrent.ThreadPoolExecutor$Worker.run(Unknown Source)
at java.lang.Thread.run(Unknown Source)
... Removed 22 stack frames]]>
    </failure>
  </testcase> <!-- verifyKeywordRetentionInSearchBoxForTitleByISBN -->
  <testcase name="verifySearchedMessageSearchForTitleByISBN" time="6.542" classname="com.magic.axis360.testscript.SearchBoxTestIT"/>
  <testcase name="verifySearchForTitleByPublisher" time="9.755" classname="com.magic.axis360.testscript.SearchBoxTestIT"/>
  <testcase name="verifyRefineButtonPresenceForTitleByPublisher" time="0.226" classname="com.magic.axis360.testscript.SearchBoxTestIT"/>
  <testcase name="verifyKeywordRetentionInSearchBoxForTitleByPublisher" time="0.256" classname="com.magic.axis360.testscript.SearchBoxTestIT">
    <failure type="java.lang.AssertionError" message="expected [true] but found [false]">
      <![CDATA[java.lang.AssertionError: expected [true] but found [false]
at com.magic.axis360.testscript.SearchBoxTestIT.verifyKeywordRetentionInSearchBoxForTitleByPublisher(SearchBoxTestIT.java:266)
at java.util.concurrent.FutureTask.run(Unknown Source)
at java.util.concurrent.ThreadPoolExecutor.runWorker(Unknown Source)
at java.util.concurrent.ThreadPoolExecutor$Worker.run(Unknown Source)
at java.lang.Thread.run(Unknown Source)
... Removed 22 stack frames]]>
    </failure>
  </testcase> <!-- verifyKeywordRetentionInSearchBoxForTitleByPublisher -->
  <testcase name="verifySearchedMessageSearchForTitleByPublisher" time="43.789" classname="com.magic.axis360.testscript.SearchBoxTestIT"/>
  <testcase name="verifyAdvanceSearchButton" time="74.168" classname="com.magic.axis360.testscript.AdvancedSearchBoxTestIT"/>
  <testcase name="verifyAdvanceSearchOptionAfterClickOnAdvanceSearch" time="20.641" classname="com.magic.axis360.testscript.AdvancedSearchBoxTestIT"/>
  <testcase name="verifyRadioButtonWithFieldALLAtAdvanceSearchButton" time="0.388" classname="com.magic.axis360.testscript.AdvancedSearchBoxTestIT"/>
  <testcase name="verifyRadioButtonWithFieldALLSelectedByDefaultAtAdvanceSearchButton" time="0.459" classname="com.magic.axis360.testscript.AdvancedSearchBoxTestIT"/>
  <testcase name="verifyRadioButtonWithFieldTITLEAtAdvanceSearchButton" time="0.531" classname="com.magic.axis360.testscript.AdvancedSearchBoxTestIT"/>
  <testcase name="verifyRadioButtonWithFieldTITLEAtAUTHORSearchButton" time="0.502" classname="com.magic.axis360.testscript.AdvancedSearchBoxTestIT"/>
  <testcase name="verifyRadioButtonWithFieldISBNAtAuthorSearchButton" time="0.658" classname="com.magic.axis360.testscript.AdvancedSearchBoxTestIT"/>
  <testcase name="verifySearchForTitleByKeywordAtAdvanceSearch" time="12.168" classname="com.magic.axis360.testscript.AdvancedSearchBoxTestIT"/>
  <testcase name="verifySearchForTitleByTitleAtAdvanceSearch" time="10.001" classname="com.magic.axis360.testscript.AdvancedSearchBoxTestIT"/>
  <testcase name="veriySearchForTitleByAuthorAtAdvanceSearch" time="9.642" classname="com.magic.axis360.testscript.AdvancedSearchBoxTestIT"/>
  <testcase name="verifySearchForTitleByISBNAtAdvanceSearchAtAdvanceSearch" time="59.076" classname="com.magic.axis360.testscript.AdvancedSearchBoxTestIT"/>
  <testcase name="@AfterSuite closeBrowser" time="0.0" classname="com.magic.axis360.common.BaseTest">
    <ignored/>
  </testcase> <!-- @AfterSuite closeBrowser -->
  <testcase name="@AfterSuite closeBrowser" time="0.0" classname="com.magic.axis360.common.BaseTest">
    <ignored/>
  </testcase> <!-- @AfterSuite closeBrowser -->
  <testcase name="@BeforeSuite enterUrl" time="0.0" classname="com.magic.axis360.common.BaseTest">
    <ignored/>
  </testcase> <!-- @BeforeSuite enterUrl -->
  <testcase name="@BeforeSuite enterUrl" time="0.0" classname="com.magic.axis360.common.BaseTest">
    <ignored/>
  </testcase> <!-- @BeforeSuite enterUrl -->
</testsuite> <!-- TestForAndroid -->
