<?xml version="1.0" encoding="UTF-8"?>
<!-- Generated by org.testng.reporters.JUnitXMLReporter -->
<testsuite hostname="RACD-00512" ignored="4" name="TestForWindowChrome" tests="35" failures="5" timestamp="29 Nov 2018 11:51:14 GMT" time="263.155" errors="0">
  <testcase name="verifyLogin" time="30.852" classname="com.magic.axis360.testscript.LoginTestIT"/>
  <testcase name="verifySearchBox" time="28.166" classname="com.magic.axis360.testscript.SearchBoxTestIT"/>
  <testcase name="verifySearchBoxNotPreFilled" time="0.039" classname="com.magic.axis360.testscript.SearchBoxTestIT"/>
  <testcase name="verifyAlphaNumericCharacterInSearchBox" time="0.386" classname="com.magic.axis360.testscript.SearchBoxTestIT"/>
  <testcase name="verifySearchForTitleByKeyword" time="2.637" classname="com.magic.axis360.testscript.SearchBoxTestIT"/>
  <testcase name="verifyRefineButtonPresenceForKeywordTest" time="0.031" classname="com.magic.axis360.testscript.SearchBoxTestIT"/>
  <testcase name="verifyKeywordRetentionInSearchBoxForKeywordTest" time="0.026" classname="com.magic.axis360.testscript.SearchBoxTestIT">
    <failure type="java.lang.AssertionError" message="expected [true] but found [false]">
      <![CDATA[java.lang.AssertionError: expected [true] but found [false]
at com.magic.axis360.testscript.SearchBoxTestIT.verifyKeywordRetentionInSearchBoxForKeywordTest(SearchBoxTestIT.java:87)
at java.util.concurrent.FutureTask.run(Unknown Source)
at java.util.concurrent.ThreadPoolExecutor.runWorker(Unknown Source)
at java.util.concurrent.ThreadPoolExecutor$Worker.run(Unknown Source)
at java.lang.Thread.run(Unknown Source)
... Removed 22 stack frames]]>
    </failure>
  </testcase> <!-- verifyKeywordRetentionInSearchBoxForKeywordTest -->
  <testcase name="verifySearchedMessageSearchForTitleByKeyword" time="5.175" classname="com.magic.axis360.testscript.SearchBoxTestIT"/>
  <testcase name="verifySearchForTitleByTitle" time="2.019" classname="com.magic.axis360.testscript.SearchBoxTestIT"/>
  <testcase name="verifyRefineButtonPresenceForTitleTest" time="0.018" classname="com.magic.axis360.testscript.SearchBoxTestIT"/>
  <testcase name="verifyKeywordRetentionInSearchBoxForTitleByTitle" time="0.024" classname="com.magic.axis360.testscript.SearchBoxTestIT">
    <failure type="java.lang.AssertionError" message="expected [true] but found [false]">
      <![CDATA[java.lang.AssertionError: expected [true] but found [false]
at com.magic.axis360.testscript.SearchBoxTestIT.verifyKeywordRetentionInSearchBoxForTitleByTitle(SearchBoxTestIT.java:132)
at java.util.concurrent.FutureTask.run(Unknown Source)
at java.util.concurrent.ThreadPoolExecutor.runWorker(Unknown Source)
at java.util.concurrent.ThreadPoolExecutor$Worker.run(Unknown Source)
at java.lang.Thread.run(Unknown Source)
... Removed 22 stack frames]]>
    </failure>
  </testcase> <!-- verifyKeywordRetentionInSearchBoxForTitleByTitle -->
  <testcase name="verifySearchedMessageSearchForTitleByTitle" time="5.15" classname="com.magic.axis360.testscript.SearchBoxTestIT"/>
  <testcase name="veriySearchForTitleByAuthor" time="2.231" classname="com.magic.axis360.testscript.SearchBoxTestIT"/>
  <testcase name="verifyRefineButtonPresenceForAuthorTest" time="0.024" classname="com.magic.axis360.testscript.SearchBoxTestIT"/>
  <testcase name="verifyKeywordRetentionInSearchBoxForAuthorTest" time="0.028" classname="com.magic.axis360.testscript.SearchBoxTestIT">
    <failure type="java.lang.AssertionError" message="expected [true] but found [false]">
      <![CDATA[java.lang.AssertionError: expected [true] but found [false]
at com.magic.axis360.testscript.SearchBoxTestIT.verifyKeywordRetentionInSearchBoxForAuthorTest(SearchBoxTestIT.java:176)
at java.util.concurrent.FutureTask.run(Unknown Source)
at java.util.concurrent.ThreadPoolExecutor.runWorker(Unknown Source)
at java.util.concurrent.ThreadPoolExecutor$Worker.run(Unknown Source)
at java.lang.Thread.run(Unknown Source)
... Removed 22 stack frames]]>
    </failure>
  </testcase> <!-- verifyKeywordRetentionInSearchBoxForAuthorTest -->
  <testcase name="verifySearchedMessageSearchForTitleByAuthor" time="5.15" classname="com.magic.axis360.testscript.SearchBoxTestIT"/>
  <testcase name="verifySearchForTitleByISBN" time="51.965" classname="com.magic.axis360.testscript.SearchBoxTestIT"/>
  <testcase name="verifyRefineButtonPresenceForTitleByISBN" time="0.033" classname="com.magic.axis360.testscript.SearchBoxTestIT"/>
  <testcase name="verifyKeywordRetentionInSearchBoxForTitleByISBN" time="0.037" classname="com.magic.axis360.testscript.SearchBoxTestIT">
    <failure type="java.lang.AssertionError" message="expected [true] but found [false]">
      <![CDATA[java.lang.AssertionError: expected [true] but found [false]
at com.magic.axis360.testscript.SearchBoxTestIT.verifyKeywordRetentionInSearchBoxForTitleByISBN(SearchBoxTestIT.java:221)
at java.util.concurrent.FutureTask.run(Unknown Source)
at java.util.concurrent.ThreadPoolExecutor.runWorker(Unknown Source)
at java.util.concurrent.ThreadPoolExecutor$Worker.run(Unknown Source)
at java.lang.Thread.run(Unknown Source)
... Removed 22 stack frames]]>
    </failure>
  </testcase> <!-- verifyKeywordRetentionInSearchBoxForTitleByISBN -->
  <testcase name="verifySearchedMessageSearchForTitleByISBN" time="5.149" classname="com.magic.axis360.testscript.SearchBoxTestIT"/>
  <testcase name="verifySearchForTitleByPublisher" time="4.488" classname="com.magic.axis360.testscript.SearchBoxTestIT"/>
  <testcase name="verifyRefineButtonPresenceForTitleByPublisher" time="0.02" classname="com.magic.axis360.testscript.SearchBoxTestIT"/>
  <testcase name="verifyKeywordRetentionInSearchBoxForTitleByPublisher" time="0.024" classname="com.magic.axis360.testscript.SearchBoxTestIT">
    <failure type="java.lang.AssertionError" message="expected [true] but found [false]">
      <![CDATA[java.lang.AssertionError: expected [true] but found [false]
at com.magic.axis360.testscript.SearchBoxTestIT.verifyKeywordRetentionInSearchBoxForTitleByPublisher(SearchBoxTestIT.java:266)
at java.util.concurrent.FutureTask.run(Unknown Source)
at java.util.concurrent.ThreadPoolExecutor.runWorker(Unknown Source)
at java.util.concurrent.ThreadPoolExecutor$Worker.run(Unknown Source)
at java.lang.Thread.run(Unknown Source)
... Removed 22 stack frames]]>
    </failure>
  </testcase> <!-- verifyKeywordRetentionInSearchBoxForTitleByPublisher -->
  <testcase name="verifySearchedMessageSearchForTitleByPublisher" time="23.638" classname="com.magic.axis360.testscript.SearchBoxTestIT"/>
  <testcase name="verifyAdvanceSearchButton" time="29.659" classname="com.magic.axis360.testscript.AdvancedSearchBoxTestIT"/>
  <testcase name="verifyAdvanceSearchOptionAfterClickOnAdvanceSearch" time="5.215" classname="com.magic.axis360.testscript.AdvancedSearchBoxTestIT"/>
  <testcase name="verifyRadioButtonWithFieldALLAtAdvanceSearchButton" time="0.064" classname="com.magic.axis360.testscript.AdvancedSearchBoxTestIT"/>
  <testcase name="verifyRadioButtonWithFieldALLSelectedByDefaultAtAdvanceSearchButton" time="0.054" classname="com.magic.axis360.testscript.AdvancedSearchBoxTestIT"/>
  <testcase name="verifyRadioButtonWithFieldTITLEAtAdvanceSearchButton" time="0.062" classname="com.magic.axis360.testscript.AdvancedSearchBoxTestIT"/>
  <testcase name="verifyRadioButtonWithFieldTITLEAtAUTHORSearchButton" time="0.15" classname="com.magic.axis360.testscript.AdvancedSearchBoxTestIT"/>
  <testcase name="verifyRadioButtonWithFieldISBNAtAuthorSearchButton" time="0.065" classname="com.magic.axis360.testscript.AdvancedSearchBoxTestIT"/>
  <testcase name="verifySearchForTitleByKeywordAtAdvanceSearch" time="2.11" classname="com.magic.axis360.testscript.AdvancedSearchBoxTestIT"/>
  <testcase name="verifySearchForTitleByTitleAtAdvanceSearch" time="1.999" classname="com.magic.axis360.testscript.AdvancedSearchBoxTestIT"/>
  <testcase name="veriySearchForTitleByAuthorAtAdvanceSearch" time="1.968" classname="com.magic.axis360.testscript.AdvancedSearchBoxTestIT"/>
  <testcase name="verifySearchForTitleByISBNAtAdvanceSearchAtAdvanceSearch" time="52.258" classname="com.magic.axis360.testscript.AdvancedSearchBoxTestIT"/>
  <testcase name="@AfterSuite closeBrowser" time="0.0" classname="com.magic.axis360.common.BaseTest">
    <ignored/>
  </testcase> <!-- @AfterSuite closeBrowser -->
  <testcase name="@AfterSuite closeBrowser" time="0.0" classname="com.magic.axis360.common.BaseTest">
    <ignored/>
  </testcase> <!-- @AfterSuite closeBrowser -->
  <testcase name="@BeforeSuite enterUrl" time="0.0" classname="com.magic.axis360.common.BaseTest">
    <ignored/>
  </testcase> <!-- @BeforeSuite enterUrl -->
  <testcase name="@BeforeSuite enterUrl" time="0.0" classname="com.magic.axis360.common.BaseTest">
    <ignored/>
  </testcase> <!-- @BeforeSuite enterUrl -->
</testsuite> <!-- TestForWindowChrome -->
