<?xml version="1.0" encoding="UTF-8"?>
<!-- Generated by org.testng.reporters.JUnitXMLReporter -->
<testsuite hostname="RACD-00512" ignored="4" name="TestForAndroidChrome" tests="35" failures="5" timestamp="29 Nov 2018 11:55:53 GMT" time="542.069" errors="0">
  <testcase name="verifyLogin" time="71.965" classname="com.magic.axis360.testscript.LoginTestIT"/>
  <testcase name="verifySearchBox" time="75.632" classname="com.magic.axis360.testscript.SearchBoxTestIT"/>
  <testcase name="verifySearchBoxNotPreFilled" time="8.331" classname="com.magic.axis360.testscript.SearchBoxTestIT"/>
  <testcase name="verifyAlphaNumericCharacterInSearchBox" time="15.14" classname="com.magic.axis360.testscript.SearchBoxTestIT"/>
  <testcase name="verifySearchForTitleByKeyword" time="12.338" classname="com.magic.axis360.testscript.SearchBoxTestIT"/>
  <testcase name="verifyRefineButtonPresenceForKeywordTest" time="0.316" classname="com.magic.axis360.testscript.SearchBoxTestIT"/>
  <testcase name="verifyKeywordRetentionInSearchBoxForKeywordTest" time="0.3" classname="com.magic.axis360.testscript.SearchBoxTestIT">
    <failure type="java.lang.AssertionError" message="expected [true] but found [false]">
      <![CDATA[java.lang.AssertionError: expected [true] but found [false]
at com.magic.axis360.testscript.SearchBoxTestIT.verifyKeywordRetentionInSearchBoxForKeywordTest(SearchBoxTestIT.java:87)
at java.util.concurrent.FutureTask.run(Unknown Source)
at java.util.concurrent.ThreadPoolExecutor.runWorker(Unknown Source)
at java.util.concurrent.ThreadPoolExecutor$Worker.run(Unknown Source)
at java.lang.Thread.run(Unknown Source)
... Removed 22 stack frames]]>
    </failure>
  </testcase> <!-- verifyKeywordRetentionInSearchBoxForKeywordTest -->
  <testcase name="verifySearchedMessageSearchForTitleByKeyword" time="7.229" classname="com.magic.axis360.testscript.SearchBoxTestIT"/>
  <testcase name="verifySearchForTitleByTitle" time="8.148" classname="com.magic.axis360.testscript.SearchBoxTestIT"/>
  <testcase name="verifyRefineButtonPresenceForTitleTest" time="0.203" classname="com.magic.axis360.testscript.SearchBoxTestIT"/>
  <testcase name="verifyKeywordRetentionInSearchBoxForTitleByTitle" time="0.329" classname="com.magic.axis360.testscript.SearchBoxTestIT">
    <failure type="java.lang.AssertionError" message="expected [true] but found [false]">
      <![CDATA[java.lang.AssertionError: expected [true] but found [false]
at com.magic.axis360.testscript.SearchBoxTestIT.verifyKeywordRetentionInSearchBoxForTitleByTitle(SearchBoxTestIT.java:132)
at java.util.concurrent.FutureTask.run(Unknown Source)
at java.util.concurrent.ThreadPoolExecutor.runWorker(Unknown Source)
at java.util.concurrent.ThreadPoolExecutor$Worker.run(Unknown Source)
at java.lang.Thread.run(Unknown Source)
... Removed 22 stack frames]]>
    </failure>
  </testcase> <!-- verifyKeywordRetentionInSearchBoxForTitleByTitle -->
  <testcase name="verifySearchedMessageSearchForTitleByTitle" time="6.632" classname="com.magic.axis360.testscript.SearchBoxTestIT"/>
  <testcase name="veriySearchForTitleByAuthor" time="8.134" classname="com.magic.axis360.testscript.SearchBoxTestIT"/>
  <testcase name="verifyRefineButtonPresenceForAuthorTest" time="0.205" classname="com.magic.axis360.testscript.SearchBoxTestIT"/>
  <testcase name="verifyKeywordRetentionInSearchBoxForAuthorTest" time="0.258" classname="com.magic.axis360.testscript.SearchBoxTestIT">
    <failure type="java.lang.AssertionError" message="expected [true] but found [false]">
      <![CDATA[java.lang.AssertionError: expected [true] but found [false]
at com.magic.axis360.testscript.SearchBoxTestIT.verifyKeywordRetentionInSearchBoxForAuthorTest(SearchBoxTestIT.java:176)
at java.util.concurrent.FutureTask.run(Unknown Source)
at java.util.concurrent.ThreadPoolExecutor.runWorker(Unknown Source)
at java.util.concurrent.ThreadPoolExecutor$Worker.run(Unknown Source)
at java.lang.Thread.run(Unknown Source)
... Removed 22 stack frames]]>
    </failure>
  </testcase> <!-- verifyKeywordRetentionInSearchBoxForAuthorTest -->
  <testcase name="verifySearchedMessageSearchForTitleByAuthor" time="6.487" classname="com.magic.axis360.testscript.SearchBoxTestIT"/>
  <testcase name="verifySearchForTitleByISBN" time="57.673" classname="com.magic.axis360.testscript.SearchBoxTestIT"/>
  <testcase name="verifyRefineButtonPresenceForTitleByISBN" time="0.217" classname="com.magic.axis360.testscript.SearchBoxTestIT"/>
  <testcase name="verifyKeywordRetentionInSearchBoxForTitleByISBN" time="0.351" classname="com.magic.axis360.testscript.SearchBoxTestIT">
    <failure type="java.lang.AssertionError" message="expected [true] but found [false]">
      <![CDATA[java.lang.AssertionError: expected [true] but found [false]
at com.magic.axis360.testscript.SearchBoxTestIT.verifyKeywordRetentionInSearchBoxForTitleByISBN(SearchBoxTestIT.java:221)
at java.util.concurrent.FutureTask.run(Unknown Source)
at java.util.concurrent.ThreadPoolExecutor.runWorker(Unknown Source)
at java.util.concurrent.ThreadPoolExecutor$Worker.run(Unknown Source)
at java.lang.Thread.run(Unknown Source)
... Removed 22 stack frames]]>
    </failure>
  </testcase> <!-- verifyKeywordRetentionInSearchBoxForTitleByISBN -->
  <testcase name="verifySearchedMessageSearchForTitleByISBN" time="6.537" classname="com.magic.axis360.testscript.SearchBoxTestIT"/>
  <testcase name="verifySearchForTitleByPublisher" time="9.939" classname="com.magic.axis360.testscript.SearchBoxTestIT"/>
  <testcase name="verifyRefineButtonPresenceForTitleByPublisher" time="0.23" classname="com.magic.axis360.testscript.SearchBoxTestIT"/>
  <testcase name="verifyKeywordRetentionInSearchBoxForTitleByPublisher" time="0.247" classname="com.magic.axis360.testscript.SearchBoxTestIT">
    <failure type="java.lang.AssertionError" message="expected [true] but found [false]">
      <![CDATA[java.lang.AssertionError: expected [true] but found [false]
at com.magic.axis360.testscript.SearchBoxTestIT.verifyKeywordRetentionInSearchBoxForTitleByPublisher(SearchBoxTestIT.java:266)
at java.util.concurrent.FutureTask.run(Unknown Source)
at java.util.concurrent.ThreadPoolExecutor.runWorker(Unknown Source)
at java.util.concurrent.ThreadPoolExecutor$Worker.run(Unknown Source)
at java.lang.Thread.run(Unknown Source)
... Removed 22 stack frames]]>
    </failure>
  </testcase> <!-- verifyKeywordRetentionInSearchBoxForTitleByPublisher -->
  <testcase name="verifySearchedMessageSearchForTitleByPublisher" time="43.383" classname="com.magic.axis360.testscript.SearchBoxTestIT"/>
  <testcase name="verifyAdvanceSearchButton" time="77.343" classname="com.magic.axis360.testscript.AdvancedSearchBoxTestIT"/>
  <testcase name="verifyAdvanceSearchOptionAfterClickOnAdvanceSearch" time="16.057" classname="com.magic.axis360.testscript.AdvancedSearchBoxTestIT"/>
  <testcase name="verifyRadioButtonWithFieldALLAtAdvanceSearchButton" time="0.586" classname="com.magic.axis360.testscript.AdvancedSearchBoxTestIT"/>
  <testcase name="verifyRadioButtonWithFieldALLSelectedByDefaultAtAdvanceSearchButton" time="0.385" classname="com.magic.axis360.testscript.AdvancedSearchBoxTestIT"/>
  <testcase name="verifyRadioButtonWithFieldTITLEAtAdvanceSearchButton" time="0.424" classname="com.magic.axis360.testscript.AdvancedSearchBoxTestIT"/>
  <testcase name="verifyRadioButtonWithFieldTITLEAtAUTHORSearchButton" time="0.584" classname="com.magic.axis360.testscript.AdvancedSearchBoxTestIT"/>
  <testcase name="verifyRadioButtonWithFieldISBNAtAuthorSearchButton" time="0.647" classname="com.magic.axis360.testscript.AdvancedSearchBoxTestIT"/>
  <testcase name="verifySearchForTitleByKeywordAtAdvanceSearch" time="12.232" classname="com.magic.axis360.testscript.AdvancedSearchBoxTestIT"/>
  <testcase name="verifySearchForTitleByTitleAtAdvanceSearch" time="9.752" classname="com.magic.axis360.testscript.AdvancedSearchBoxTestIT"/>
  <testcase name="veriySearchForTitleByAuthorAtAdvanceSearch" time="9.562" classname="com.magic.axis360.testscript.AdvancedSearchBoxTestIT"/>
  <testcase name="verifySearchForTitleByISBNAtAdvanceSearchAtAdvanceSearch" time="59.286" classname="com.magic.axis360.testscript.AdvancedSearchBoxTestIT"/>
  <testcase name="@AfterSuite closeBrowser" time="0.0" classname="com.magic.axis360.common.BaseTest">
    <ignored/>
  </testcase> <!-- @AfterSuite closeBrowser -->
  <testcase name="@AfterSuite closeBrowser" time="0.0" classname="com.magic.axis360.common.BaseTest">
    <ignored/>
  </testcase> <!-- @AfterSuite closeBrowser -->
  <testcase name="@BeforeSuite enterUrl" time="0.0" classname="com.magic.axis360.common.BaseTest">
    <ignored/>
  </testcase> <!-- @BeforeSuite enterUrl -->
  <testcase name="@BeforeSuite enterUrl" time="0.0" classname="com.magic.axis360.common.BaseTest">
    <ignored/>
  </testcase> <!-- @BeforeSuite enterUrl -->
</testsuite> <!-- TestForAndroidChrome -->
