<?xml version="1.0" encoding="UTF-8"?>
<testng-results skipped="0" failed="0" ignored="2" total="5" passed="3">
  <reporter-output>
  </reporter-output>
  <suite name="Suite" duration-ms="41882" started-at="2018-11-23T10:16:17Z" finished-at="2018-11-23T10:16:59Z">
    <groups>
    </groups>
    <test name="Test" duration-ms="41882" started-at="2018-11-23T10:16:17Z" finished-at="2018-11-23T10:16:59Z">
      <class name="com.magic.apexwebQA.web.tests.PlacingOrderTest">
        <test-method status="PASS" signature="placeBuyLimitOrderTest()[pri:1, instance:com.magic.apexwebQA.web.tests.PlacingOrderTest@1c53fd30]" name="placeBuyLimitOrderTest" duration-ms="14750" started-at="2018-11-23T10:16:36Z" finished-at="2018-11-23T10:16:51Z">
          <reporter-output>
          </reporter-output>
        </test-method> <!-- placeBuyLimitOrderTest -->
        <test-method status="PASS" signature="afterMethod(org.testng.ITestResult)[pri:0, instance:com.magic.apexwebQA.web.tests.PlacingOrderTest@1c53fd30]" name="afterMethod" is-config="true" duration-ms="1" started-at="2018-11-23T10:16:51Z" finished-at="2018-11-23T10:16:51Z">
          <params>
            <param index="0">
              <value>
                <![CDATA[[TestResult name=placeBuyLimitOrderTest status=SUCCESS method=PlacingOrderTest.placeBuyLimitOrderTest()[pri:1, instance:com.magic.apexwebQA.web.tests.PlacingOrderTest@1c53fd30] output={null}]]]>
              </value>
            </param>
          </params>
          <reporter-output>
          </reporter-output>
        </test-method> <!-- afterMethod -->
        <test-method status="PASS" signature="placeSellLimitOrderTest()[pri:2, instance:com.magic.apexwebQA.web.tests.PlacingOrderTest@1c53fd30]" name="placeSellLimitOrderTest" duration-ms="7927" started-at="2018-11-23T10:16:51Z" finished-at="2018-11-23T10:16:59Z">
          <reporter-output>
          </reporter-output>
        </test-method> <!-- placeSellLimitOrderTest -->
        <test-method status="PASS" signature="afterMethod(org.testng.ITestResult)[pri:0, instance:com.magic.apexwebQA.web.tests.PlacingOrderTest@1c53fd30]" name="afterMethod" is-config="true" duration-ms="0" started-at="2018-11-23T10:16:59Z" finished-at="2018-11-23T10:16:59Z">
          <params>
            <param index="0">
              <value>
                <![CDATA[[TestResult name=placeSellLimitOrderTest status=SUCCESS method=PlacingOrderTest.placeSellLimitOrderTest()[pri:2, instance:com.magic.apexwebQA.web.tests.PlacingOrderTest@1c53fd30] output={null}]]]>
              </value>
            </param>
          </params>
          <reporter-output>
          </reporter-output>
        </test-method> <!-- afterMethod -->
      </class> <!-- com.magic.apexwebQA.web.tests.PlacingOrderTest -->
      <class name="com.magic.apexwebQA.web.tests.LoginTest">
        <test-method status="PASS" signature="beforeSuite()[pri:0, instance:com.magic.apexwebQA.web.tests.LoginTest@5f150435]" name="beforeSuite" is-config="true" duration-ms="15683" started-at="2018-11-23T10:16:01Z" finished-at="2018-11-23T10:16:17Z">
          <reporter-output>
          </reporter-output>
        </test-method> <!-- beforeSuite -->
        <test-method status="PASS" signature="loginTest()[pri:0, instance:com.magic.apexwebQA.web.tests.LoginTest@5f150435]" name="loginTest" duration-ms="19173" started-at="2018-11-23T10:16:17Z" finished-at="2018-11-23T10:16:36Z">
          <reporter-output>
          </reporter-output>
        </test-method> <!-- loginTest -->
        <test-method status="PASS" signature="afterMethod(org.testng.ITestResult)[pri:0, instance:com.magic.apexwebQA.web.tests.LoginTest@5f150435]" name="afterMethod" is-config="true" duration-ms="7" started-at="2018-11-23T10:16:36Z" finished-at="2018-11-23T10:16:36Z">
          <params>
            <param index="0">
              <value>
                <![CDATA[[TestResult name=loginTest status=SUCCESS method=LoginTest.loginTest()[pri:0, instance:com.magic.apexwebQA.web.tests.LoginTest@5f150435] output={null}]]]>
              </value>
            </param>
          </params>
          <reporter-output>
          </reporter-output>
        </test-method> <!-- afterMethod -->
        <test-method status="PASS" signature="generateReport()[pri:0, instance:com.magic.apexwebQA.web.tests.LoginTest@5f150435]" name="generateReport" is-config="true" duration-ms="8181" started-at="2018-11-23T10:16:59Z" finished-at="2018-11-23T10:17:07Z">
          <reporter-output>
          </reporter-output>
        </test-method> <!-- generateReport -->
      </class> <!-- com.magic.apexwebQA.web.tests.LoginTest -->
    </test> <!-- Test -->
  </suite> <!-- Suite -->
</testng-results>
